  [1m[35m (5.4ms)[0m  [1m[34mSELECT sqlite_version(*)[0m
  [1m[35m (10.8ms)[0m  [1m[35mCREATE TABLE "schema_migrations" ("version" varchar NOT NULL PRIMARY KEY)[0m
  [1m[35m (2.2ms)[0m  [1m[35mCREATE TABLE "ar_internal_metadata" ("key" varchar NOT NULL PRIMARY KEY, "value" varchar, "created_at" datetime(6) NOT NULL, "updated_at" datetime(6) NOT NULL)[0m
  [1m[35m (0.3ms)[0m  [1m[34mSELECT "schema_migrations"."version" FROM "schema_migrations" ORDER BY "schema_migrations"."version" ASC[0m
Migrating to CreateBirds (20200715191806)
  [1m[35m (0.2ms)[0m  [1m[36mbegin transaction[0m
  [1m[35m (0.9ms)[0m  [1m[35mCREATE TABLE "birds" ("id" integer PRIMARY KEY AUTOINCREMENT NOT NULL, "name" varchar, "color" varchar, "created_at" datetime(6) NOT NULL, "updated_at" datetime(6) NOT NULL)[0m
  [1m[36mprimary::SchemaMigration Create (0.3ms)[0m  [1m[32mINSERT INTO "schema_migrations" ("version") VALUES (?)[0m  [["version", "20200715191806"]]
  [1m[35m (3.9ms)[0m  [1m[36mcommit transaction[0m
  [1m[36mActiveRecord::InternalMetadata Load (0.3ms)[0m  [1m[34mSELECT "ar_internal_metadata".* FROM "ar_internal_metadata" WHERE "ar_internal_metadata"."key" = ? LIMIT ?[0m  [["key", "environment"], ["LIMIT", 1]]
  [1m[35m (0.1ms)[0m  [1m[36mbegin transaction[0m
  [1m[36mActiveRecord::InternalMetadata Create (0.7ms)[0m  [1m[32mINSERT INTO "ar_internal_metadata" ("key", "value", "created_at", "updated_at") VALUES (?, ?, ?, ?)[0m  [["key", "environment"], ["value", "development"], ["created_at", "2020-07-15 19:21:06.596685"], ["updated_at", "2020-07-15 19:21:06.596685"]]
  [1m[35m (20.4ms)[0m  [1m[36mcommit transaction[0m
  [1m[35m (0.1ms)[0m  [1m[34mSELECT sqlite_version(*)[0m
  [1m[35m (2.1ms)[0m  [1m[34mSELECT "schema_migrations"."version" FROM "schema_migrations" ORDER BY "schema_migrations"."version" ASC[0m
  [1m[35m (3.3ms)[0m  [1m[34mSELECT sqlite_version(*)[0m
  [1m[35m (2.2ms)[0m  [1m[34mSELECT "schema_migrations"."version" FROM "schema_migrations" ORDER BY "schema_migrations"."version" ASC[0m
  [1m[35m (0.1ms)[0m  [1m[34mSELECT sqlite_version(*)[0m
  [1m[35m (0.1ms)[0m  [1m[36mbegin transaction[0m
  [1m[36mBird Create (2.8ms)[0m  [1m[32mINSERT INTO "birds" ("name", "color", "created_at", "updated_at") VALUES (?, ?, ?, ?)[0m  [["name", "Tony"], ["color", "Blue"], ["created_at", "2020-07-15 19:22:30.004393"], ["updated_at", "2020-07-15 19:22:30.004393"]]
  [1m[35m (2.6ms)[0m  [1m[36mcommit transaction[0m
  [1m[35m (0.1ms)[0m  [1m[36mbegin transaction[0m
  [1m[36mBird Create (0.3ms)[0m  [1m[32mINSERT INTO "birds" ("name", "color", "created_at", "updated_at") VALUES (?, ?, ?, ?)[0m  [["name", "Calvin"], ["color", "Red"], ["created_at", "2020-07-15 19:22:30.015650"], ["updated_at", "2020-07-15 19:22:30.015650"]]
  [1m[35m (6.2ms)[0m  [1m[36mcommit transaction[0m
  [1m[35m (0.1ms)[0m  [1m[36mbegin transaction[0m
  [1m[36mBird Create (0.4ms)[0m  [1m[32mINSERT INTO "birds" ("name", "color", "created_at", "updated_at") VALUES (?, ?, ?, ?)[0m  [["name", "Tweeter"], ["color", "Grey"], ["created_at", "2020-07-15 19:22:30.026788"], ["updated_at", "2020-07-15 19:22:30.026788"]]
  [1m[35m (2.9ms)[0m  [1m[36mcommit transaction[0m
Started POST "/birds" for ::1 at 2020-07-15 13:27:25 -0600
  [1m[35m (4.5ms)[0m  [1m[34mSELECT sqlite_version(*)[0m
  [1m[35m (2.9ms)[0m  [1m[34mSELECT "schema_migrations"."version" FROM "schema_migrations" ORDER BY "schema_migrations"."version" ASC[0m
Processing by BirdsController#create as */*
  [1m[35m (0.2ms)[0m  [1m[36mbegin transaction[0m
  ↳ app/controllers/birds_controller.rb:13:in `create'
  [1m[36mBird Create (7.5ms)[0m  [1m[32mINSERT INTO "birds" ("created_at", "updated_at") VALUES (?, ?)[0m  [["created_at", "2020-07-15 19:27:25.802971"], ["updated_at", "2020-07-15 19:27:25.802971"]]
  ↳ app/controllers/birds_controller.rb:13:in `create'
  [1m[35m (7.1ms)[0m  [1m[36mcommit transaction[0m
  ↳ app/controllers/birds_controller.rb:13:in `create'
Completed 200 OK in 86ms (Views: 4.8ms | ActiveRecord: 16.8ms | Allocations: 6567)


Started GET "/birds" for ::1 at 2020-07-15 13:27:32 -0600
Processing by BirdsController#index as */*
  [1m[36mBird Load (0.3ms)[0m  [1m[34mSELECT "birds".* FROM "birds"[0m
  ↳ app/controllers/birds_controller.rb:4:in `index'
Completed 200 OK in 61ms (Views: 58.9ms | ActiveRecord: 0.3ms | Allocations: 1384)


Started GET "/" for ::1 at 2020-07-15 13:27:51 -0600
Processing by Rails::WelcomeController#index as HTML
  Rendering /Users/Nyaradzo/.rvm/gems/ruby-2.6.1/gems/railties-6.0.3.2/lib/rails/templates/rails/welcome/index.html.erb
  Rendered /Users/Nyaradzo/.rvm/gems/ruby-2.6.1/gems/railties-6.0.3.2/lib/rails/templates/rails/welcome/index.html.erb (Duration: 49.0ms | Allocations: 480)
Completed 200 OK in 383ms (Views: 256.7ms | ActiveRecord: 0.0ms | Allocations: 2630)


Started GET "/birds" for ::1 at 2020-07-15 13:27:54 -0600
Processing by BirdsController#index as HTML
  [1m[36mBird Load (0.4ms)[0m  [1m[34mSELECT "birds".* FROM "birds"[0m
  ↳ app/controllers/birds_controller.rb:4:in `index'
Completed 200 OK in 6ms (Views: 5.3ms | ActiveRecord: 0.4ms | Allocations: 1317)


Started DELETE "/birds/4" for ::1 at 2020-07-15 13:29:20 -0600
  
ActionController::RoutingError (No route matches [DELETE] "/birds/4"):
  
actionpack (6.0.3.2) lib/action_dispatch/middleware/debug_exceptions.rb:36:in `call'
actionpack (6.0.3.2) lib/action_dispatch/middleware/show_exceptions.rb:33:in `call'
railties (6.0.3.2) lib/rails/rack/logger.rb:37:in `call_app'
railties (6.0.3.2) lib/rails/rack/logger.rb:26:in `block in call'
activesupport (6.0.3.2) lib/active_support/tagged_logging.rb:80:in `block in tagged'
activesupport (6.0.3.2) lib/active_support/tagged_logging.rb:28:in `tagged'
activesupport (6.0.3.2) lib/active_support/tagged_logging.rb:80:in `tagged'
railties (6.0.3.2) lib/rails/rack/logger.rb:26:in `call'
actionpack (6.0.3.2) lib/action_dispatch/middleware/remote_ip.rb:81:in `call'
actionpack (6.0.3.2) lib/action_dispatch/middleware/request_id.rb:27:in `call'
rack (2.2.3) lib/rack/runtime.rb:22:in `call'
activesupport (6.0.3.2) lib/active_support/cache/strategy/local_cache_middleware.rb:29:in `call'
actionpack (6.0.3.2) lib/action_dispatch/middleware/executor.rb:14:in `call'
actionpack (6.0.3.2) lib/action_dispatch/middleware/static.rb:126:in `call'
rack (2.2.3) lib/rack/sendfile.rb:110:in `call'
actionpack (6.0.3.2) lib/action_dispatch/middleware/host_authorization.rb:82:in `call'
railties (6.0.3.2) lib/rails/engine.rb:527:in `call'
puma (4.3.5) lib/puma/configuration.rb:228:in `call'
puma (4.3.5) lib/puma/server.rb:713:in `handle_request'
puma (4.3.5) lib/puma/server.rb:472:in `process_client'
puma (4.3.5) lib/puma/server.rb:328:in `block in run'
puma (4.3.5) lib/puma/thread_pool.rb:134:in `block in spawn_thread'
Started GET "/birds/1" for ::1 at 2020-07-15 13:30:49 -0600
Processing by BirdsController#show as */*
  Parameters: {"id"=>"1"}
  [1m[36mBird Load (0.3ms)[0m  [1m[34mSELECT "birds".* FROM "birds" WHERE "birds"."id" = ? LIMIT ?[0m  [["id", 1], ["LIMIT", 1]]
  ↳ app/controllers/birds_controller.rb:8:in `show'
Completed 200 OK in 42ms (Views: 0.8ms | ActiveRecord: 0.3ms | Allocations: 2508)


Started GET "/birds/2" for ::1 at 2020-07-15 13:30:54 -0600
Processing by BirdsController#show as */*
  Parameters: {"id"=>"2"}
  [1m[36mBird Load (0.2ms)[0m  [1m[34mSELECT "birds".* FROM "birds" WHERE "birds"."id" = ? LIMIT ?[0m  [["id", 2], ["LIMIT", 1]]
  ↳ app/controllers/birds_controller.rb:8:in `show'
Completed 200 OK in 3ms (Views: 0.5ms | ActiveRecord: 0.2ms | Allocations: 733)


Started GET "/birds" for ::1 at 2020-07-15 13:31:01 -0600
Processing by BirdsController#index as */*
  [1m[36mBird Load (0.3ms)[0m  [1m[34mSELECT "birds".* FROM "birds"[0m
  ↳ app/controllers/birds_controller.rb:4:in `index'
Completed 200 OK in 6ms (Views: 4.5ms | ActiveRecord: 0.3ms | Allocations: 1335)


Started POST "/birds" for ::1 at 2020-07-15 13:31:58 -0600
Processing by BirdsController#create as */*
  [1m[35m (2.0ms)[0m  [1m[36mbegin transaction[0m
  ↳ app/controllers/birds_controller.rb:13:in `create'
  [1m[36mBird Create (1.8ms)[0m  [1m[32mINSERT INTO "birds" ("created_at", "updated_at") VALUES (?, ?)[0m  [["created_at", "2020-07-15 19:31:58.264896"], ["updated_at", "2020-07-15 19:31:58.264896"]]
  ↳ app/controllers/birds_controller.rb:13:in `create'
  [1m[35m (4.3ms)[0m  [1m[36mcommit transaction[0m
  ↳ app/controllers/birds_controller.rb:13:in `create'
Completed 200 OK in 33ms (Views: 2.2ms | ActiveRecord: 8.1ms | Allocations: 2321)


Started POST "/birds" for ::1 at 2020-07-15 13:32:12 -0600
Processing by BirdsController#create as */*
  [1m[35m (0.1ms)[0m  [1m[36mbegin transaction[0m
  ↳ app/controllers/birds_controller.rb:13:in `create'
  [1m[36mBird Create (2.0ms)[0m  [1m[32mINSERT INTO "birds" ("created_at", "updated_at") VALUES (?, ?)[0m  [["created_at", "2020-07-15 19:32:12.166257"], ["updated_at", "2020-07-15 19:32:12.166257"]]
  ↳ app/controllers/birds_controller.rb:13:in `create'
  [1m[35m (11.1ms)[0m  [1m[36mcommit transaction[0m
  ↳ app/controllers/birds_controller.rb:13:in `create'
Completed 200 OK in 20ms (Views: 0.5ms | ActiveRecord: 13.2ms | Allocations: 2322)


Started POST "/birds" for ::1 at 2020-07-15 13:33:27 -0600
  [1m[35m (0.1ms)[0m  [1m[34mSELECT sqlite_version(*)[0m
Processing by BirdsController#create as */*
  [1m[35m (0.1ms)[0m  [1m[36mbegin transaction[0m
  ↳ app/controllers/birds_controller.rb:13:in `create'
  [1m[36mBird Create (0.8ms)[0m  [1m[32mINSERT INTO "birds" ("created_at", "updated_at") VALUES (?, ?)[0m  [["created_at", "2020-07-15 19:33:28.428473"], ["updated_at", "2020-07-15 19:33:28.428473"]]
  ↳ app/controllers/birds_controller.rb:13:in `create'
  [1m[35m (6.7ms)[0m  [1m[36mcommit transaction[0m
  ↳ app/controllers/birds_controller.rb:13:in `create'
Completed 200 OK in 310ms (Views: 0.8ms | ActiveRecord: 11.6ms | Allocations: 6154)


Started POST "/birds" for ::1 at 2020-07-15 13:39:53 -0600
  [1m[35m (0.3ms)[0m  [1m[34mSELECT sqlite_version(*)[0m
Processing by BirdsController#create as */*
  Parameters: {"name"=>"Tucan Sam", "color"=>"Green", "bird"=>{"name"=>"Tucan Sam", "color"=>"Green"}}
  [1m[35m (0.3ms)[0m  [1m[36mbegin transaction[0m
  ↳ app/controllers/birds_controller.rb:13:in `create'
  [1m[36mBird Create (9.0ms)[0m  [1m[32mINSERT INTO "birds" ("name", "color", "created_at", "updated_at") VALUES (?, ?, ?, ?)[0m  [["name", "Tucan Sam"], ["color", "Green"], ["created_at", "2020-07-15 19:39:54.171757"], ["updated_at", "2020-07-15 19:39:54.171757"]]
  ↳ app/controllers/birds_controller.rb:13:in `create'
  [1m[35m (3.6ms)[0m  [1m[36mcommit transaction[0m
  ↳ app/controllers/birds_controller.rb:13:in `create'
Completed 200 OK in 40ms (Views: 0.6ms | ActiveRecord: 12.8ms | Allocations: 5317)


Started POST "/birds" for ::1 at 2020-07-15 13:40:45 -0600
Processing by BirdsController#create as */*
  Parameters: {"name"=>"Pecker", "color"=>"Mauv", "bird"=>{"name"=>"Pecker", "color"=>"Mauv"}}
  [1m[35m (0.5ms)[0m  [1m[36mbegin transaction[0m
  ↳ app/controllers/birds_controller.rb:13:in `create'
  [1m[36mBird Create (2.1ms)[0m  [1m[32mINSERT INTO "birds" ("name", "color", "created_at", "updated_at") VALUES (?, ?, ?, ?)[0m  [["name", "Pecker"], ["color", "Mauv"], ["created_at", "2020-07-15 19:40:45.380026"], ["updated_at", "2020-07-15 19:40:45.380026"]]
  ↳ app/controllers/birds_controller.rb:13:in `create'
  [1m[35m (3.1ms)[0m  [1m[36mcommit transaction[0m
  ↳ app/controllers/birds_controller.rb:13:in `create'
Completed 200 OK in 15ms (Views: 0.5ms | ActiveRecord: 5.7ms | Allocations: 2372)


Started GET "/birds" for ::1 at 2020-07-15 13:40:51 -0600
Processing by BirdsController#index as */*
  Parameters: {"name"=>"Pecker", "color"=>"Mauv", "bird"=>{"name"=>"Pecker", "color"=>"Mauv"}}
  [1m[36mBird Load (0.5ms)[0m  [1m[34mSELECT "birds".* FROM "birds"[0m
  ↳ app/controllers/birds_controller.rb:4:in `index'
Completed 200 OK in 16ms (Views: 14.0ms | ActiveRecord: 0.5ms | Allocations: 1989)


